<?xml version="1.0" encoding="UTF-8"?>
<!-- Generated by org.testng.reporters.JUnitXMLReporter -->
<testsuite hostname="DESKTOP-VPTAQP0" tests="6" failures="0" timestamp="1 Jul 2020 16:53:05 GMT" time="98.546" errors="0">
  <testcase name="testCase01" time="6.84" classname="TestSuite01"/>
  <testcase name="testCase02" time="3.913" classname="TestSuite01"/>
  <testcase name="testCase03" time="3.577" classname="TestSuite01"/>
  <testcase name="testCase04" time="8.99" classname="TestSuite01"/>
  <testcase name="testCase05" time="8.326" classname="TestSuite01"/>
  <testcase name="testCase06" time="0.904" classname="TestSuite01"/>
</testsuite>
