<?xml version="1.0" encoding="UTF-8"?>
<!-- Generated by org.testng.reporters.JUnitXMLReporter -->
<testsuite hostname="DESKTOP-VPTAQP0" tests="6" failures="0" timestamp="27 Jun 2020 11:40:22 GMT" time="86.691" errors="0">
  <testcase name="testCase01" time="0.008" classname="TestSuite01"/>
  <testcase name="testCase02" time="3.71" classname="TestSuite01"/>
  <testcase name="testCase03" time="3.355" classname="TestSuite01"/>
  <testcase name="testCase04" time="8.407" classname="TestSuite01"/>
  <testcase name="testCase05" time="7.964" classname="TestSuite01"/>
  <testcase name="testCase06" time="0.647" classname="TestSuite01"/>
</testsuite>
