<?xml version="1.0" encoding="UTF-8"?>
<testng-results skipped="0" failed="0" total="7" passed="7">
  <reporter-output>
  </reporter-output>
  <suite name="Default suite" duration-ms="74023" started-at="2020-07-02T15:14:51Z" finished-at="2020-07-02T15:16:05Z">
    <groups>
    </groups>
    <test name="Default test" duration-ms="74023" started-at="2020-07-02T15:14:51Z" finished-at="2020-07-02T15:16:05Z">
      <class name="TestSuite_JobSubLinks">
        <test-method status="PASS" signature="beforeTest()[pri:0, instance:TestSuite_JobSubLinks@68be2bc2]" name="beforeTest" is-config="true" duration-ms="17884" started-at="2020-07-02T20:44:51Z" finished-at="2020-07-02T20:45:09Z">
          <reporter-output>
          </reporter-output>
        </test-method> <!-- beforeTest -->
        <test-method status="PASS" signature="beforeMethod()[pri:0, instance:TestSuite_JobSubLinks@68be2bc2]" name="beforeMethod" is-config="true" duration-ms="1555" started-at="2020-07-02T20:45:09Z" finished-at="2020-07-02T20:45:11Z">
          <reporter-output>
          </reporter-output>
        </test-method> <!-- beforeMethod -->
        <test-method status="PASS" signature="testCase01()[pri:1, instance:TestSuite_JobSubLinks@68be2bc2]" name="testCase01" duration-ms="565" started-at="2020-07-02T20:45:11Z" finished-at="2020-07-02T20:45:11Z">
          <reporter-output>
          </reporter-output>
        </test-method> <!-- testCase01 -->
        <test-method status="PASS" signature="afterMethod()[pri:0, instance:TestSuite_JobSubLinks@68be2bc2]" name="afterMethod" is-config="true" duration-ms="6069" started-at="2020-07-02T20:45:11Z" finished-at="2020-07-02T20:45:17Z">
          <reporter-output>
          </reporter-output>
        </test-method> <!-- afterMethod -->
        <test-method status="PASS" signature="beforeMethod()[pri:0, instance:TestSuite_JobSubLinks@68be2bc2]" name="beforeMethod" is-config="true" duration-ms="1280" started-at="2020-07-02T20:45:17Z" finished-at="2020-07-02T20:45:19Z">
          <reporter-output>
          </reporter-output>
        </test-method> <!-- beforeMethod -->
        <test-method status="PASS" signature="testCase02()[pri:2, instance:TestSuite_JobSubLinks@68be2bc2]" name="testCase02" duration-ms="503" started-at="2020-07-02T20:45:19Z" finished-at="2020-07-02T20:45:19Z">
          <reporter-output>
          </reporter-output>
        </test-method> <!-- testCase02 -->
        <test-method status="PASS" signature="afterMethod()[pri:0, instance:TestSuite_JobSubLinks@68be2bc2]" name="afterMethod" is-config="true" duration-ms="6021" started-at="2020-07-02T20:45:19Z" finished-at="2020-07-02T20:45:25Z">
          <reporter-output>
          </reporter-output>
        </test-method> <!-- afterMethod -->
        <test-method status="PASS" signature="beforeMethod()[pri:0, instance:TestSuite_JobSubLinks@68be2bc2]" name="beforeMethod" is-config="true" duration-ms="1323" started-at="2020-07-02T20:45:25Z" finished-at="2020-07-02T20:45:26Z">
          <reporter-output>
          </reporter-output>
        </test-method> <!-- beforeMethod -->
        <test-method status="PASS" signature="testCase03()[pri:3, instance:TestSuite_JobSubLinks@68be2bc2]" name="testCase03" duration-ms="525" started-at="2020-07-02T20:45:26Z" finished-at="2020-07-02T20:45:27Z">
          <reporter-output>
          </reporter-output>
        </test-method> <!-- testCase03 -->
        <test-method status="PASS" signature="afterMethod()[pri:0, instance:TestSuite_JobSubLinks@68be2bc2]" name="afterMethod" is-config="true" duration-ms="6009" started-at="2020-07-02T20:45:27Z" finished-at="2020-07-02T20:45:33Z">
          <reporter-output>
          </reporter-output>
        </test-method> <!-- afterMethod -->
        <test-method status="PASS" signature="beforeMethod()[pri:0, instance:TestSuite_JobSubLinks@68be2bc2]" name="beforeMethod" is-config="true" duration-ms="1917" started-at="2020-07-02T20:45:33Z" finished-at="2020-07-02T20:45:35Z">
          <reporter-output>
          </reporter-output>
        </test-method> <!-- beforeMethod -->
        <test-method status="PASS" signature="testCase04()[pri:4, instance:TestSuite_JobSubLinks@68be2bc2]" name="testCase04" duration-ms="232" started-at="2020-07-02T20:45:35Z" finished-at="2020-07-02T20:45:35Z">
          <reporter-output>
          </reporter-output>
        </test-method> <!-- testCase04 -->
        <test-method status="PASS" signature="afterMethod()[pri:0, instance:TestSuite_JobSubLinks@68be2bc2]" name="afterMethod" is-config="true" duration-ms="6021" started-at="2020-07-02T20:45:35Z" finished-at="2020-07-02T20:45:41Z">
          <reporter-output>
          </reporter-output>
        </test-method> <!-- afterMethod -->
        <test-method status="PASS" signature="beforeMethod()[pri:0, instance:TestSuite_JobSubLinks@68be2bc2]" name="beforeMethod" is-config="true" duration-ms="1267" started-at="2020-07-02T20:45:41Z" finished-at="2020-07-02T20:45:42Z">
          <reporter-output>
          </reporter-output>
        </test-method> <!-- beforeMethod -->
        <test-method status="PASS" signature="testCase05()[pri:5, instance:TestSuite_JobSubLinks@68be2bc2]" name="testCase05" duration-ms="541" started-at="2020-07-02T20:45:42Z" finished-at="2020-07-02T20:45:43Z">
          <reporter-output>
          </reporter-output>
        </test-method> <!-- testCase05 -->
        <test-method status="PASS" signature="afterMethod()[pri:0, instance:TestSuite_JobSubLinks@68be2bc2]" name="afterMethod" is-config="true" duration-ms="6011" started-at="2020-07-02T20:45:43Z" finished-at="2020-07-02T20:45:49Z">
          <reporter-output>
          </reporter-output>
        </test-method> <!-- afterMethod -->
        <test-method status="PASS" signature="beforeMethod()[pri:0, instance:TestSuite_JobSubLinks@68be2bc2]" name="beforeMethod" is-config="true" duration-ms="1319" started-at="2020-07-02T20:45:49Z" finished-at="2020-07-02T20:45:50Z">
          <reporter-output>
          </reporter-output>
        </test-method> <!-- beforeMethod -->
        <test-method status="PASS" signature="testCase06()[pri:6, instance:TestSuite_JobSubLinks@68be2bc2]" name="testCase06" duration-ms="309" started-at="2020-07-02T20:45:50Z" finished-at="2020-07-02T20:45:51Z">
          <reporter-output>
          </reporter-output>
        </test-method> <!-- testCase06 -->
        <test-method status="PASS" signature="afterMethod()[pri:0, instance:TestSuite_JobSubLinks@68be2bc2]" name="afterMethod" is-config="true" duration-ms="6021" started-at="2020-07-02T20:45:51Z" finished-at="2020-07-02T20:45:57Z">
          <reporter-output>
          </reporter-output>
        </test-method> <!-- afterMethod -->
        <test-method status="PASS" signature="beforeMethod()[pri:0, instance:TestSuite_JobSubLinks@68be2bc2]" name="beforeMethod" is-config="true" duration-ms="1222" started-at="2020-07-02T20:45:57Z" finished-at="2020-07-02T20:45:58Z">
          <reporter-output>
          </reporter-output>
        </test-method> <!-- beforeMethod -->
        <test-method status="PASS" signature="testCase07()[pri:7, instance:TestSuite_JobSubLinks@68be2bc2]" name="testCase07" duration-ms="587" started-at="2020-07-02T20:45:58Z" finished-at="2020-07-02T20:45:58Z">
          <reporter-output>
          </reporter-output>
        </test-method> <!-- testCase07 -->
        <test-method status="PASS" signature="afterMethod()[pri:0, instance:TestSuite_JobSubLinks@68be2bc2]" name="afterMethod" is-config="true" duration-ms="6012" started-at="2020-07-02T20:45:58Z" finished-at="2020-07-02T20:46:04Z">
          <reporter-output>
          </reporter-output>
        </test-method> <!-- afterMethod -->
        <test-method status="PASS" signature="afterTest()[pri:0, instance:TestSuite_JobSubLinks@68be2bc2]" name="afterTest" is-config="true" duration-ms="769" started-at="2020-07-02T20:46:04Z" finished-at="2020-07-02T20:46:05Z">
          <reporter-output>
          </reporter-output>
        </test-method> <!-- afterTest -->
      </class> <!-- TestSuite_JobSubLinks -->
    </test> <!-- Default test -->
  </suite> <!-- Default suite -->
</testng-results>
